Вызывается функция __str__ с аргументами (<__main__.Student object at 0x000001C54BC4F850>,) и {}.
Результатом функции является: Имя:Ruoy
Фамилия:Eman
Средняя оценка за домашние задания: 10.00
Курсы в процессе изучения: Python, Git
Завершенные курсы: Введение в программирование.
 Функция вызвана в 2024-02-13 12:17:30.950447 .
Вызывается функция __str__ с аргументами (<__main__.Student object at 0x000001FF8D22F850>,) и {}.
Результатом функции является: Имя:Ruoy
Фамилия:Eman
Средняя оценка за домашние задания: 10.00
Курсы в процессе изучения: Python, Git
Завершенные курсы: Введение в программирование.
 Функция вызвана в 2024-02-13 12:17:31.068186 .
Вызывается функция __str__ с аргументами (<__main__.Student object at 0x0000017B2B3FF850>,) и {}.
Результатом функции является: Имя:Ruoy
Фамилия:Eman
Средняя оценка за домашние задания: 10.00
Курсы в процессе изучения: Python, Git
Завершенные курсы: Введение в программирование.
 Функция вызвана в 2024-02-13 12:17:31.143408 .
Вызывается функция __str__ с аргументами (<__main__.Student object at 0x000001FD00C4F850>,) и {}.
Результатом функции является: Имя:Ruoy
Фамилия:Eman
Средняя оценка за домашние задания: 10.00
Курсы в процессе изучения: Python, Git
Завершенные курсы: Введение в программирование.
 Функция вызвана в 2024-02-13 12:17:31.219214 .
Вызывается функция __str__ с аргументами (<__main__.Student object at 0x000002BB4872F850>,) и {}.
Результатом функции является: Имя:Ruoy
Фамилия:Eman
Средняя оценка за домашние задания: 10.00
Курсы в процессе изучения: Python, Git
Завершенные курсы: Введение в программирование.
 Функция вызвана в 2024-02-13 12:17:31.293238 .
Вызывается функция __str__ с аргументами (<__main__.Student object at 0x000002152D2BF850>,) и {}.
Результатом функции является: Имя:Ruoy
Фамилия:Eman
Средняя оценка за домашние задания: 10.00
Курсы в процессе изучения: Python, Git
Завершенные курсы: Введение в программирование.
 Функция вызвана в 2024-02-13 12:17:31.376442 .
Вызывается функция __str__ с аргументами (<__main__.Student object at 0x0000019B0F6EF850>,) и {}.
Результатом функции является: Имя:Ruoy
Фамилия:Eman
Средняя оценка за домашние задания: 10.00
Курсы в процессе изучения: Python, Git
Завершенные курсы: Введение в программирование.
 Функция вызвана в 2024-02-13 12:17:31.458604 .
Вызывается функция __str__ с аргументами (<__main__.Student object at 0x0000024673DAF850>,) и {}.
Результатом функции является: Имя:Ruoy
Фамилия:Eman
Средняя оценка за домашние задания: 10.00
Курсы в процессе изучения: Python, Git
Завершенные курсы: Введение в программирование.
 Функция вызвана в 2024-02-13 12:17:31.550858 .
